This is pdfTeX, Version 3.14159265-2.6-1.40.17 (MiKTeX 2.9) (preloaded format=pdflatex 2016.8.2)  2 NOV 2016 21:57
entering extended mode
**./main.tex
(main.tex
LaTeX2e <2016/03/31> patch level 1
Babel <3.9r> and hyphenation patterns for 75 language(s) loaded.
\@input{preamble.aux}
\openout2 = `preamble.aux'.

(preamble.tex ("C:\Program Files (x86)\MiKTeX 2.9\tex\latex\base\report.cls"
Document Class: report 2014/09/29 v1.4h Standard LaTeX document class
("C:\Program Files (x86)\MiKTeX 2.9\tex\latex\base\size12.clo"
File: size12.clo 2014/09/29 v1.4h Standard LaTeX file (size option)
)
\c@part=\count79
\c@chapter=\count80
\c@section=\count81
\c@subsection=\count82
\c@subsubsection=\count83
\c@paragraph=\count84
\c@subparagraph=\count85
\c@figure=\count86
\c@table=\count87
\abovecaptionskip=\skip41
\belowcaptionskip=\skip42
\bibindent=\dimen102
)
("C:\Program Files (x86)\MiKTeX 2.9\tex\latex\apacite\apacite.sty"
Package: apacite 2013/07/21 v6.03 APA citation
\c@BibCnt=\count88
\bibleftmargin=\skip43
\bibindent=\skip44
\bibparsep=\skip45
\bibitemsep=\skip46
\biblabelsep=\skip47
)
("C:\Program Files (x86)\MiKTeX 2.9\tex\latex\amsmath\amsmath.sty"
Package: amsmath 2016/03/10 v2.15b AMS math features
\@mathmargin=\skip48

For additional information on amsmath, use the `?' option.
("C:\Program Files (x86)\MiKTeX 2.9\tex\latex\amsmath\amstext.sty"
Package: amstext 2000/06/29 v2.01 AMS text

("C:\Program Files (x86)\MiKTeX 2.9\tex\latex\amsmath\amsgen.sty"
File: amsgen.sty 1999/11/30 v2.0 generic functions
\@emptytoks=\toks14
\ex@=\dimen103
))
("C:\Program Files (x86)\MiKTeX 2.9\tex\latex\amsmath\amsbsy.sty"
Package: amsbsy 1999/11/29 v1.2d Bold Symbols
\pmbraise@=\dimen104
)
("C:\Program Files (x86)\MiKTeX 2.9\tex\latex\amsmath\amsopn.sty"
Package: amsopn 2016/03/08 v2.02 operator names
)
\inf@bad=\count89
LaTeX Info: Redefining \frac on input line 199.
\uproot@=\count90
\leftroot@=\count91
LaTeX Info: Redefining \overline on input line 297.
\classnum@=\count92
\DOTSCASE@=\count93
LaTeX Info: Redefining \ldots on input line 394.
LaTeX Info: Redefining \dots on input line 397.
LaTeX Info: Redefining \cdots on input line 518.
\Mathstrutbox@=\box26
\strutbox@=\box27
\big@size=\dimen105
LaTeX Font Info:    Redeclaring font encoding OML on input line 634.
LaTeX Font Info:    Redeclaring font encoding OMS on input line 635.
\macc@depth=\count94
\c@MaxMatrixCols=\count95
\dotsspace@=\muskip10
\c@parentequation=\count96
\dspbrk@lvl=\count97
\tag@help=\toks15
\row@=\count98
\column@=\count99
\maxfields@=\count100
\andhelp@=\toks16
\eqnshift@=\dimen106
\alignsep@=\dimen107
\tagshift@=\dimen108
\tagwidth@=\dimen109
\totwidth@=\dimen110
\lineht@=\dimen111
\@envbody=\toks17
\multlinegap=\skip49
\multlinetaggap=\skip50
\mathdisplay@stack=\toks18
LaTeX Info: Redefining \[ on input line 2739.
LaTeX Info: Redefining \] on input line 2740.
)
("C:\Program Files (x86)\MiKTeX 2.9\tex\latex\amsfonts\amsfonts.sty"
Package: amsfonts 2013/01/14 v3.01 Basic AMSFonts support
\symAMSa=\mathgroup4
\symAMSb=\mathgroup5
LaTeX Font Info:    Overwriting math alphabet `\mathfrak' in version `bold'
(Font)                  U/euf/m/n --> U/euf/b/n on input line 106.
)
("C:\Program Files (x86)\MiKTeX 2.9\tex\latex\amsfonts\amssymb.sty"
Package: amssymb 2013/01/14 v3.01 AMS font symbols
)
("C:\Program Files (x86)\MiKTeX 2.9\tex\latex\graphics\graphicx.sty"
Package: graphicx 2014/10/28 v1.0g Enhanced LaTeX Graphics (DPC,SPQR)

("C:\Program Files (x86)\MiKTeX 2.9\tex\latex\graphics\keyval.sty"
Package: keyval 2014/10/28 v1.15 key=value parser (DPC)
\KV@toks@=\toks19
)
("C:\Program Files (x86)\MiKTeX 2.9\tex\latex\graphics\graphics.sty"
Package: graphics 2016/06/02 v1.0s Standard LaTeX Graphics (DPC,SPQR)

("C:\Program Files (x86)\MiKTeX 2.9\tex\latex\graphics\trig.sty"
Package: trig 2016/01/03 v1.10 sin cos tan (DPC)
)
("C:\Program Files (x86)\MiKTeX 2.9\tex\latex\00miktex\graphics.cfg"
File: graphics.cfg 2016/06/04 v1.11 sample graphics configuration
)
Package graphics Info: Driver file: pdftex.def on input line 99.

("C:\Program Files (x86)\MiKTeX 2.9\tex\latex\pdftex-def\pdftex.def"
File: pdftex.def 2016/06/17 v0.06h Graphics/color for pdfTeX

("C:\Program Files (x86)\MiKTeX 2.9\tex\generic\oberdiek\infwarerr.sty"
Package: infwarerr 2016/05/16 v1.4 Providing info/warning/error messages (HO)
)
("C:\Program Files (x86)\MiKTeX 2.9\tex\generic\oberdiek\ltxcmds.sty"
Package: ltxcmds 2016/05/16 v1.23 LaTeX kernel commands for general use (HO)
)
\Gread@gobject=\count101
))
\Gin@req@height=\dimen112
\Gin@req@width=\dimen113
)
("C:\Program Files (x86)\MiKTeX 2.9\tex\latex\tools\verbatim.sty"
Package: verbatim 2014/10/28 v1.5q LaTeX2e package for verbatim enhancements
\every@verbatim=\toks20
\verbatim@line=\toks21
\verbatim@in@stream=\read1
)
("C:\Program Files (x86)\MiKTeX 2.9\tex\latex\graphics\color.sty"
Package: color 2016/06/02 v1.1d Standard LaTeX Color (DPC)

("C:\Program Files (x86)\MiKTeX 2.9\tex\latex\00miktex\color.cfg"
File: color.cfg 2016/01/02 v1.6 sample color configuration
)
Package color Info: Driver file: pdftex.def on input line 147.
)
("C:\Program Files (x86)\MiKTeX 2.9\tex\latex\url\url.sty"
\Urlmuskip=\muskip11
Package: url 2013/09/16  ver 3.4  Verb mode for urls, etc.
))

LaTeX Warning: Unused global option(s):
    [onepage].

(main.aux (title_page.aux) (abstract.aux) (chapter_1.aux) (chapter_2.aux

LaTeX Warning: Label `table:1' multiply defined.


LaTeX Warning: Label `table' multiply defined.

) (chapter_3.aux) (appendix_A.aux

LaTeX Warning: Label `fig:disneystock' multiply defined.


LaTeX Warning: Label `fig:disneystock' multiply defined.


LaTeX Warning: Label `' multiply defined.


LaTeX Warning: Label `' multiply defined.


LaTeX Warning: Label `' multiply defined.


LaTeX Warning: Label `' multiply defined.


LaTeX Warning: Label `' multiply defined.


LaTeX Warning: Label `' multiply defined.


LaTeX Warning: Label `' multiply defined.

) (appendix_B.aux) (appendix_C.aux))
\openout1 = `main.aux'.

LaTeX Font Info:    Checking defaults for OML/cmm/m/it on input line 40.
LaTeX Font Info:    ... okay on input line 40.
LaTeX Font Info:    Checking defaults for T1/cmr/m/n on input line 40.
LaTeX Font Info:    ... okay on input line 40.
LaTeX Font Info:    Checking defaults for OT1/cmr/m/n on input line 40.
LaTeX Font Info:    ... okay on input line 40.
LaTeX Font Info:    Checking defaults for OMS/cmsy/m/n on input line 40.
LaTeX Font Info:    ... okay on input line 40.
LaTeX Font Info:    Checking defaults for OMX/cmex/m/n on input line 40.
LaTeX Font Info:    ... okay on input line 40.
LaTeX Font Info:    Checking defaults for U/cmr/m/n on input line 40.
LaTeX Font Info:    ... okay on input line 40.
\c@maskedRefs=\count102

("C:\Program Files (x86)\MiKTeX 2.9\tex\latex\apacite\english.apc"
File: english.apc 2013/07/21 v6.03 apacite language file
LaTeX Info: Redefining \BPBI on input line 129.
LaTeX Info: Redefining \BHBI on input line 130.
)
("C:\Program Files (x86)\MiKTeX 2.9\tex\context\base\supp-pdf.mkii"
[Loading MPS to PDF converter (version 2006.09.02).]
\scratchcounter=\count103
\scratchdimen=\dimen114
\scratchbox=\box28
\nofMPsegments=\count104
\nofMParguments=\count105
\everyMPshowfont=\toks22
\MPscratchCnt=\count106
\MPscratchDim=\dimen115
\MPnumerator=\count107
\makeMPintoPDFobject=\count108
\everyMPtoPDFconversion=\toks23
) ("C:\Program Files (x86)\MiKTeX 2.9\tex\generic\oberdiek\pdftexcmds.sty"
Package: pdftexcmds 2016/05/21 v0.22 Utility functions of pdfTeX for LuaTeX (HO
)

("C:\Program Files (x86)\MiKTeX 2.9\tex\generic\oberdiek\ifluatex.sty"
Package: ifluatex 2016/05/16 v1.4 Provides the ifluatex switch (HO)
Package ifluatex Info: LuaTeX not detected.
)
("C:\Program Files (x86)\MiKTeX 2.9\tex\generic\oberdiek\ifpdf.sty"
Package: ifpdf 2016/05/14 v3.1 Provides the ifpdf switch
)
Package pdftexcmds Info: LuaTeX not detected.
Package pdftexcmds Info: \pdf@primitive is available.
Package pdftexcmds Info: \pdf@ifprimitive is available.
Package pdftexcmds Info: \pdfdraftmode found.
)
("C:\Program Files (x86)\MiKTeX 2.9\tex\latex\oberdiek\epstopdf-base.sty"
Package: epstopdf-base 2016/05/15 v2.6 Base part for package epstopdf

("C:\Program Files (x86)\MiKTeX 2.9\tex\latex\oberdiek\grfext.sty"
Package: grfext 2016/05/16 v1.2 Manage graphics extensions (HO)

("C:\Program Files (x86)\MiKTeX 2.9\tex\generic\oberdiek\kvdefinekeys.sty"
Package: kvdefinekeys 2016/05/16 v1.4 Define keys (HO)
))
("C:\Program Files (x86)\MiKTeX 2.9\tex\latex\oberdiek\kvoptions.sty"
Package: kvoptions 2016/05/16 v3.12 Key value format for package options (HO)

("C:\Program Files (x86)\MiKTeX 2.9\tex\generic\oberdiek\kvsetkeys.sty"
Package: kvsetkeys 2016/05/16 v1.17 Key value parser (HO)

("C:\Program Files (x86)\MiKTeX 2.9\tex\generic\oberdiek\etexcmds.sty"
Package: etexcmds 2016/05/16 v1.6 Avoid name clashes with e-TeX commands (HO)
Package etexcmds Info: Could not find \expanded.
(etexcmds)             That can mean that you are not using pdfTeX 1.50 or
(etexcmds)             that some package has redefined \expanded.
(etexcmds)             In the latter case, load this package earlier.
)))
Package epstopdf-base Info: Redefining graphics rule for `.eps' on input line 4
38.
Package grfext Info: Graphics extension search list:
(grfext)             [.png,.pdf,.jpg,.mps,.jpeg,.jbig2,.jb2,.PNG,.PDF,.JPG,.JPE
G,.JBIG2,.JB2,.eps]
(grfext)             \AppendGraphicsExtensions on input line 456.
)
\openout2 = `title_page.aux'.


(title_page.tex [1




{C:/ProgramData/MiKTeX/2.9/pdftex/config/pdftex.map}])
\openout2 = `abstract.aux'.


(abstract.tex
LaTeX Font Info:    Try loading font information for U+msa on input line 18.
 ("C:\Program Files (x86)\MiKTeX 2.9\tex\latex\amsfonts\umsa.fd"
File: umsa.fd 2013/01/14 v3.01 AMS symbols A
)
LaTeX Font Info:    Try loading font information for U+msb on input line 18.

("C:\Program Files (x86)\MiKTeX 2.9\tex\latex\amsfonts\umsb.fd"
File: umsb.fd 2013/01/14 v3.01 AMS symbols B
) [1


]) (main.toc [2


])
\tf@toc=\write3
\openout3 = `main.toc'.

 [3] (main.lof)
\tf@lof=\write4
\openout4 = `main.lof'.

 [4

] (main.lot)
\tf@lot=\write5
\openout5 = `main.lot'.

 [5

]
\openout2 = `chapter_1.aux'.

 (chapter_1.tex
Chapter 1.

Overfull \hbox (18.17912pt too wide) in paragraph at lines 24--25
\OT1/cmr/m/n/12 eval-u-a-tion of data trans-mit-ted from de-vices that mon-i-to
r the pa-tient []``Dictionary.com
 []

Missing character: There is no â in font cmr12!
Missing character: There is no € in font cmr12!
Missing character: There is no ™ in font cmr12!
Missing character: There is no â in font cmr12!
Missing character: There is no € in font cmr12!
Missing character: There is no ™ in font cmr12!
[1


] [2]
Missing character: There is no â in font cmr12!
Missing character: There is no € in font cmr12!
Missing character: There is no ™ in font cmr12!
) [3]
\openout2 = `chapter_2.aux'.

 (chapter_2.tex
Chapter 2.

Overfull \hbox (2.94328pt too wide) in paragraph at lines 12--12
[]\OT1/cmr/bx/n/17.28 Studies on Ob-ject De-tec-tion for Pa-per Forms 
 []

[4



]
Missing character: There is no â in font cmr12!
Missing character: There is no € in font cmr12!
Missing character: There is no ™ in font cmr12!

Overfull \hbox (7.35175pt too wide) in paragraph at lines 59--68
 [] 
 []


LaTeX Warning: `h' float specifier changed to `ht'.

[5]
Missing character: There is no â in font cmr12!
Missing character: There is no € in font cmr12!
Missing character: There is no ™ in font cmr12!
 [6]
Overfull \hbox (74.41354pt too wide) in paragraph at lines 88--101
 [] 
 []

) [7]
\openout2 = `chapter_3.aux'.

 (chapter_3.tex
Chapter 3.
<figures/gant.png, id=46, 401.5pt x 120.95187pt>
File: figures/gant.png Graphic file (type png)
 <use figures/gant.png>
Package pdftex.def Info: figures/gant.png used on input line 29.
(pdftex.def)             Requested size: 401.49901pt x 120.95157pt.

[8



]) [9 <./figures/gant.png>]
\openout2 = `appendix_A.aux'.

 (appendix_A.tex
Appendix A.
<figures/client.png, id=55, 417.05812pt x 78.2925pt>
File: figures/client.png Graphic file (type png)
 <use figures/client.png>
Package pdftex.def Info: figures/client.png used on input line 24.
(pdftex.def)             Requested size: 417.0571pt x 78.2923pt.

Overfull \hbox (1.50461pt too wide) in paragraph at lines 24--25
[][] 
 []

[10



 <./figures/client.png>] <figures/server.png, id=60, 228.855pt x 78.2925pt>
File: figures/server.png Graphic file (type png)

<use figures/server.png>
Package pdftex.def Info: figures/server.png used on input line 36.
(pdftex.def)             Requested size: 228.85443pt x 78.2923pt.
 [11 <./figures/server.png>]
<figures/form1.png, id=65, 265.49188pt x 353.82187pt>
File: figures/form1.png Graphic file (type png)
 <use figures/form1.png>
Package pdftex.def Info: figures/form1.png used on input line 48.
(pdftex.def)             Requested size: 265.49123pt x 353.821pt.

[12 <./figures/form1.png>]
<figures/form2.png, id=69, 265.49188pt x 350.81062pt>
File: figures/form2.png Graphic file (type png)
 <use figures/form2.png>
Package pdftex.def Info: figures/form2.png used on input line 56.
(pdftex.def)             Requested size: 265.49123pt x 350.80975pt.

[13 <./figures/form2.png>]
<figures/form3.png, id=74, 268.00125pt x 352.81813pt>
File: figures/form3.png Graphic file (type png)
 <use figures/form3.png>
Package pdftex.def Info: figures/form3.png used on input line 64.
(pdftex.def)             Requested size: 268.00058pt x 352.81726pt.

[14 <./figures/form3.png>]
<figures/_newform1.png, id=78, 259.97125pt x 344.28625pt>
File: figures/_newform1.png Graphic file (type png)

<use figures/_newform1.png>
Package pdftex.def Info: figures/_newform1.png used on input line 76.
(pdftex.def)             Requested size: 259.97061pt x 344.2854pt.
 [15 <./figures/_newform1.png>]
<figures/_newform2.png, id=82, 258.9675pt x 345.29pt>
File: figures/_newform2.png Graphic file (type png)

<use figures/_newform2.png>
Package pdftex.def Info: figures/_newform2.png used on input line 84.
(pdftex.def)             Requested size: 258.96684pt x 345.28914pt.
 [16 <./figures/_newform2.png>]
<figures/_newform3.png, id=86, 259.46938pt x 344.78813pt>
File: figures/_newform3.png Graphic file (type png)

<use figures/_newform3.png>
Package pdftex.def Info: figures/_newform3.png used on input line 92.
(pdftex.def)             Requested size: 259.46873pt x 344.78728pt.
 [17 <./figures/_newform3.png>]
<figures/_newform4.png, id=90, 243.91125pt x 371.3875pt>
File: figures/_newform4.png Graphic file (type png)

<use figures/_newform4.png>
Package pdftex.def Info: figures/_newform4.png used on input line 100.
(pdftex.def)             Requested size: 243.91064pt x 371.38658pt.
 [18 <./figures/_newform4.png>]
<figures/_newform5.png, id=94, 250.9375pt x 372.89313pt>
File: figures/_newform5.png Graphic file (type png)

<use figures/_newform5.png>
Package pdftex.def Info: figures/_newform5.png used on input line 108.
(pdftex.def)             Requested size: 250.93687pt x 372.89221pt.
) [19 <./figures/_newform5.png>]
\openout2 = `appendix_B.aux'.

 (appendix_B.tex
Appendix B.
Missing character: There is no â in font cmr12!
Missing character: There is no € in font cmr12!
Missing character: There is no ™ in font cmr12!
) [20



] [21]
\openout2 = `appendix_C.aux'.

 (appendix_C.tex
Appendix C.
)
Underfull \hbox (badness 10000) in paragraph at lines 28--80

 []

[22



] (main.bbl) [23


] (main.aux (title_page.aux) (abstract.aux) (chapter_1.aux)
(chapter_2.aux) (chapter_3.aux) (appendix_A.aux) (appendix_B.aux)
(appendix_C.aux))

LaTeX Warning: There were multiply-defined labels.

 ) 
Here is how much of TeX's memory you used:
 3172 strings out of 493335
 42036 string characters out of 3136678
 111843 words of memory out of 3000000
 6574 multiletter control sequences out of 15000+200000
 11226 words of font info for 42 fonts, out of 3000000 for 9000
 1143 hyphenation exceptions out of 8191
 40i,10n,26p,1391b,296s stack positions out of 5000i,500n,10000p,200000b,50000s
<C:/Program Files (x86)/MiKTeX 2.9/fonts/type1/public/amsfonts/cm/cmbx12.pfb>
<C:/Program Files (x86)/MiKTeX 2.9/fonts/type1/public/amsfonts/cm/cmcsc10.pfb><
C:/Program Files (x86)/MiKTeX 2.9/fonts/type1/public/amsfonts/cm/cmr12.pfb><C:/
Program Files (x86)/MiKTeX 2.9/fonts/type1/public/amsfonts/cm/cmti12.pfb><C:/Pr
ogram Files (x86)/MiKTeX 2.9/fonts/type1/public/amsfonts/cm/cmtt12.pfb>
Output written on main.pdf (29 pages, 449964 bytes).
PDF statistics:
 130 PDF objects out of 1000 (max. 8388607)
 0 named destinations out of 1000 (max. 500000)
 56 words of extra memory for PDF output out of 10000 (max. 10000000)

